Crawling level: Basic
Found 34 lessons for Basic
  Fetching: Basic Listening Lesson #01 (https://www.talkenglish.com/listening/lessonlisten.aspx?ALID=100)
    Downloading audio...
    Saved ./Basic/Lesson_1/index.html
  Fetching: Basic Listening Lesson #02 (https://www.talkenglish.com/listening/lessonlisten.aspx?ALID=101)
    Downloading audio...
    Saved ./Basic/Lesson_2/index.html
  Fetching: Basic Listening Lesson #03 (https://www.talkenglish.com/listening/lessonlisten.aspx?ALID=102)
    Downloading audio...
    Saved ./Basic/Lesson_3/index.html
  Fetching: Basic Listening Lesson #04 (https://www.talkenglish.com/listening/lessonlisten.aspx?ALID=103)
    Downloading audio...
    Saved ./Basic/Lesson_4/index.html
  Fetching: Basic Listening Lesson #05 (https://www.talkenglish.com/listening/lessonlisten.aspx?ALID=104)
    Downloading audio...
    Saved ./Basic/Lesson_5/index.html
  Fetching: Basic Listening Lesson #06 (https://www.talkenglish.com/listening/lessonlisten.aspx?ALID=105)
    Downloading audio...
    Saved ./Basic/Lesson_6/index.html
  Fetching: Basic Listening Lesson #07 (https://www.talkenglish.com/listening/lessonlisten.aspx?ALID=106)
    Downloading audio...
    Saved ./Basic/Lesson_7/index.html
  Fetching: Basic Listening Lesson #08 (https://www.talkenglish.com/listening/lessonlisten.aspx?ALID=107)
    Downloading audio...
    Saved ./Basic/Lesson_8/index.html
  Fetching: Basic Listening Lesson #09 (https://www.talkenglish.com/listening/lessonlisten.aspx?ALID=108)
    Downloading audio...
    Saved ./Basic/Lesson_9/index.html
  Fetching: Basic Listening Lesson #10 (https://www.talkenglish.com/listening/lessonlisten.aspx?ALID=109)
    Downloading audio...
    Saved ./Basic/Lesson_10/index.html
  Fetching: Basic Listening Lesson #11 (https://www.talkenglish.com/listening/lessonlisten.aspx?ALID=110)
    Downloading audio...
    Saved ./Basic/Lesson_11/index.html
  Fetching: Basic Listening Lesson #12 (https://www.talkenglish.com/listening/lessonlisten.aspx?ALID=111)
    Downloading audio...
    Saved ./Basic/Lesson_12/index.html
  Fetching: Basic Listening Lesson #13 (https://www.talkenglish.com/listening/lessonlisten.aspx?ALID=112)
    Downloading audio...
    Saved ./Basic/Lesson_13/index.html
  Fetching: Basic Listening Lesson #14 (https://www.talkenglish.com/listening/lessonlisten.aspx?ALID=113)
    Downloading audio...
    Saved ./Basic/Lesson_14/index.html
  Fetching: Basic Listening Lesson #15 (https://www.talkenglish.com/listening/lessonlisten.aspx?ALID=114)
    Downloading audio...
    Saved ./Basic/Lesson_15/index.html
  Fetching: Basic Listening Lesson #16 (https://www.talkenglish.com/listening/lessonlisten.aspx?ALID=115)
    Downloading audio...
    Saved ./Basic/Lesson_16/index.html
  Fetching: Basic Listening Lesson #17 (https://www.talkenglish.com/listening/lessonlisten.aspx?ALID=116)
    Downloading audio...
    Saved ./Basic/Lesson_17/index.html
  Fetching: Basic Listening Lesson #18 (https://www.talkenglish.com/listening/lessonlisten.aspx?ALID=117)
    Downloading audio...
    Saved ./Basic/Lesson_18/index.html
  Fetching: Basic Listening Lesson #19 (https://www.talkenglish.com/listening/lessonlisten.aspx?ALID=118)
    Downloading audio...
    Saved ./Basic/Lesson_19/index.html
  Fetching: Basic Listening Lesson #20 (https://www.talkenglish.com/listening/lessonlisten.aspx?ALID=119)
    Downloading audio...
    Saved ./Basic/Lesson_20/index.html
  Fetching: Basic Listening Lesson #21 (https://www.talkenglish.com/listening/lessonlisten.aspx?ALID=120)
    Downloading audio...
    Saved ./Basic/Lesson_21/index.html
  Fetching: Basic Listening Lesson #22 (https://www.talkenglish.com/listening/lessonlisten.aspx?ALID=121)
    Downloading audio...
    Saved ./Basic/Lesson_22/index.html
  Fetching: Basic Listening Lesson #23 (https://www.talkenglish.com/listening/lessonlisten.aspx?ALID=122)
    Downloading audio...
    Saved ./Basic/Lesson_23/index.html
  Fetching: Basic Listening Lesson #24 (https://www.talkenglish.com/listening/lessonlisten.aspx?ALID=123)
    Downloading audio...
    Saved ./Basic/Lesson_24/index.html
  Fetching: Basic Listening Lesson #25 (https://www.talkenglish.com/listening/lessonlisten.aspx?ALID=124)
    Downloading audio...
    Saved ./Basic/Lesson_25/index.html
  Fetching: Basic Listening Lesson #26 (https://www.talkenglish.com/listening/lessonlisten.aspx?ALID=125)
    Downloading audio...
    Saved ./Basic/Lesson_26/index.html
  Fetching: Basic Listening Lesson #27 (https://www.talkenglish.com/listening/lessonlisten.aspx?ALID=126)
    Downloading audio...
    Saved ./Basic/Lesson_27/index.html
  Fetching: Basic Listening Lesson #28 (https://www.talkenglish.com/listening/lessonlisten.aspx?ALID=127)
    Downloading audio...
    Saved ./Basic/Lesson_28/index.html
  Fetching: Basic Listening Lesson #29 (https://www.talkenglish.com/listening/lessonlisten.aspx?ALID=128)
    Downloading audio...
    Saved ./Basic/Lesson_29/index.html
  Fetching: Basic Listening Lesson #30 (https://www.talkenglish.com/listening/lessonlisten.aspx?ALID=129)
    Downloading audio...
    Saved ./Basic/Lesson_30/index.html
  Fetching: Basic Listening Lesson #31 (https://www.talkenglish.com/listening/lessonlisten.aspx?ALID=130)
    Downloading audio...
    Saved ./Basic/Lesson_31/index.html
  Fetching: Basic Listening Lesson #32 (https://www.talkenglish.com/listening/lessonlisten.aspx?ALID=131)
    Downloading audio...
    Saved ./Basic/Lesson_32/index.html
  Fetching: Basic Listening Lesson #33 (https://www.talkenglish.com/listening/lessonlisten.aspx?ALID=132)
    Downloading audio...
    Saved ./Basic/Lesson_33/index.html
  Fetching: Basic Listening Lesson #34 (https://www.talkenglish.com/listening/lessonlisten.aspx?ALID=133)
    Downloading audio...
    Saved ./Basic/Lesson_34/index.html
Crawling level: Intermediate
Found 34 lessons for Intermediate
  Fetching: Intermediate Listening Lesson #01 (https://www.talkenglish.com/listening/lessonlisten.aspx?ALID=200)
    Downloading audio...
    Saved ./Intermediate/Lesson_1/index.html
  Fetching: Intermediate Listening Lesson #02 (https://www.talkenglish.com/listening/lessonlisten.aspx?ALID=201)
    Downloading audio...
    Saved ./Intermediate/Lesson_2/index.html
  Fetching: Intermediate Listening Lesson #03 (https://www.talkenglish.com/listening/lessonlisten.aspx?ALID=202)
    Downloading audio...
    Saved ./Intermediate/Lesson_3/index.html
  Fetching: Intermediate Listening Lesson #04 (https://www.talkenglish.com/listening/lessonlisten.aspx?ALID=203)
    Downloading audio...
    Saved ./Intermediate/Lesson_4/index.html
  Fetching: Intermediate Listening Lesson #05 (https://www.talkenglish.com/listening/lessonlisten.aspx?ALID=204)
    Downloading audio...
    Saved ./Intermediate/Lesson_5/index.html
  Fetching: Intermediate Listening Lesson #06 (https://www.talkenglish.com/listening/lessonlisten.aspx?ALID=205)
    Downloading audio...
    Saved ./Intermediate/Lesson_6/index.html
  Fetching: Intermediate Listening Lesson #07 (https://www.talkenglish.com/listening/lessonlisten.aspx?ALID=206)
    Downloading audio...
    Saved ./Intermediate/Lesson_7/index.html
  Fetching: Intermediate Listening Lesson #08 (https://www.talkenglish.com/listening/lessonlisten.aspx?ALID=207)
    Downloading audio...
    Saved ./Intermediate/Lesson_8/index.html
  Fetching: Intermediate Listening Lesson #09 (https://www.talkenglish.com/listening/lessonlisten.aspx?ALID=208)
    Downloading audio...
    Saved ./Intermediate/Lesson_9/index.html
  Fetching: Intermediate Listening Lesson #10 (https://www.talkenglish.com/listening/lessonlisten.aspx?ALID=209)
    Downloading audio...
    Saved ./Intermediate/Lesson_10/index.html
  Fetching: Intermediate Listening Lesson #11 (https://www.talkenglish.com/listening/lessonlisten.aspx?ALID=210)
    Downloading audio...
    Saved ./Intermediate/Lesson_11/index.html
  Fetching: Intermediate Listening Lesson #12 (https://www.talkenglish.com/listening/lessonlisten.aspx?ALID=211)
    Downloading audio...
    Saved ./Intermediate/Lesson_12/index.html
  Fetching: Intermediate Listening Lesson #13 (https://www.talkenglish.com/listening/lessonlisten.aspx?ALID=212)
    Downloading audio...
    Saved ./Intermediate/Lesson_13/index.html
  Fetching: Intermediate Listening Lesson #14 (https://www.talkenglish.com/listening/lessonlisten.aspx?ALID=213)
    Downloading audio...
    Saved ./Intermediate/Lesson_14/index.html
  Fetching: Intermediate Listening Lesson #15 (https://www.talkenglish.com/listening/lessonlisten.aspx?ALID=214)
    Downloading audio...
    Saved ./Intermediate/Lesson_15/index.html
  Fetching: Intermediate Listening Lesson #16 (https://www.talkenglish.com/listening/lessonlisten.aspx?ALID=215)
    Downloading audio...
    Saved ./Intermediate/Lesson_16/index.html
  Fetching: Intermediate Listening Lesson #17 (https://www.talkenglish.com/listening/lessonlisten.aspx?ALID=216)
    Downloading audio...
    Saved ./Intermediate/Lesson_17/index.html
  Fetching: Intermediate Listening Lesson #18 (https://www.talkenglish.com/listening/lessonlisten.aspx?ALID=217)
    Downloading audio...
    Saved ./Intermediate/Lesson_18/index.html
  Fetching: Intermediate Listening Lesson #19 (https://www.talkenglish.com/listening/lessonlisten.aspx?ALID=218)
    Downloading audio...
    Saved ./Intermediate/Lesson_19/index.html
  Fetching: Intermediate Listening Lesson #20 (https://www.talkenglish.com/listening/lessonlisten.aspx?ALID=219)
    Downloading audio...
    Saved ./Intermediate/Lesson_20/index.html
  Fetching: Intermediate Listening Lesson #21 (https://www.talkenglish.com/listening/lessonlisten.aspx?ALID=220)
    Downloading audio...
    Saved ./Intermediate/Lesson_21/index.html
  Fetching: Intermediate Listening Lesson #22 (https://www.talkenglish.com/listening/lessonlisten.aspx?ALID=221)
    Downloading audio...
    Saved ./Intermediate/Lesson_22/index.html
  Fetching: Intermediate Listening Lesson #23 (https://www.talkenglish.com/listening/lessonlisten.aspx?ALID=222)
    Downloading audio...
    Saved ./Intermediate/Lesson_23/index.html
  Fetching: Intermediate Listening Lesson #24 (https://www.talkenglish.com/listening/lessonlisten.aspx?ALID=223)
    Downloading audio...
    Saved ./Intermediate/Lesson_24/index.html
  Fetching: Intermediate Listening Lesson #25 (https://www.talkenglish.com/listening/lessonlisten.aspx?ALID=224)
    Downloading audio...
    Saved ./Intermediate/Lesson_25/index.html
  Fetching: Intermediate Listening Lesson #26 (https://www.talkenglish.com/listening/lessonlisten.aspx?ALID=225)
    Downloading audio...
    Saved ./Intermediate/Lesson_26/index.html
  Fetching: Intermediate Listening Lesson #27 (https://www.talkenglish.com/listening/lessonlisten.aspx?ALID=226)
    Downloading audio...
    Saved ./Intermediate/Lesson_27/index.html
  Fetching: Intermediate Listening Lesson #28 (https://www.talkenglish.com/listening/lessonlisten.aspx?ALID=227)
    Downloading audio...
    Saved ./Intermediate/Lesson_28/index.html
  Fetching: Intermediate Listening Lesson #29 (https://www.talkenglish.com/listening/lessonlisten.aspx?ALID=228)
    Downloading audio...
    Saved ./Intermediate/Lesson_29/index.html
  Fetching: Intermediate Listening Lesson #30 (https://www.talkenglish.com/listening/lessonlisten.aspx?ALID=229)
    Downloading audio...
    Saved ./Intermediate/Lesson_30/index.html
  Fetching: Intermediate Listening Lesson #31 (https://www.talkenglish.com/listening/lessonlisten.aspx?ALID=230)
    Downloading audio...
    Saved ./Intermediate/Lesson_31/index.html
  Fetching: Intermediate Listening Lesson #32 (https://www.talkenglish.com/listening/lessonlisten.aspx?ALID=231)
    Downloading audio...
    Saved ./Intermediate/Lesson_32/index.html
  Fetching: Intermediate Listening Lesson #33 (https://www.talkenglish.com/listening/lessonlisten.aspx?ALID=232)
    Downloading audio...
    Saved ./Intermediate/Lesson_33/index.html
  Fetching: Intermediate Listening Lesson #34 (https://www.talkenglish.com/listening/lessonlisten.aspx?ALID=233)
    Downloading audio...
    Saved ./Intermediate/Lesson_34/index.html
Crawling level: Advanced
Found 34 lessons for Advanced
  Fetching: Advanced Listening Lesson #01 (https://www.talkenglish.com/listening/lessonlisten.aspx?ALID=300)
    Downloading audio...
    Saved ./Advanced/Lesson_1/index.html
  Fetching: Advanced Listening Lesson #02 (https://www.talkenglish.com/listening/lessonlisten.aspx?ALID=301)
    Downloading audio...
    Saved ./Advanced/Lesson_2/index.html
  Fetching: Advanced Listening Lesson #03 (https://www.talkenglish.com/listening/lessonlisten.aspx?ALID=302)
    Downloading audio...
    Saved ./Advanced/Lesson_3/index.html
  Fetching: Advanced Listening Lesson #04 (https://www.talkenglish.com/listening/lessonlisten.aspx?ALID=303)
    Downloading audio...
    Saved ./Advanced/Lesson_4/index.html
  Fetching: Advanced Listening Lesson #05 (https://www.talkenglish.com/listening/lessonlisten.aspx?ALID=304)
    Downloading audio...
    Saved ./Advanced/Lesson_5/index.html
  Fetching: Advanced Listening Lesson #06 (https://www.talkenglish.com/listening/lessonlisten.aspx?ALID=305)
    Downloading audio...
    Saved ./Advanced/Lesson_6/index.html
  Fetching: Advanced Listening Lesson #07 (https://www.talkenglish.com/listening/lessonlisten.aspx?ALID=306)
    Downloading audio...
    Saved ./Advanced/Lesson_7/index.html
  Fetching: Advanced Listening Lesson #08 (https://www.talkenglish.com/listening/lessonlisten.aspx?ALID=307)
    Downloading audio...
    Saved ./Advanced/Lesson_8/index.html
  Fetching: Advanced Listening Lesson #09 (https://www.talkenglish.com/listening/lessonlisten.aspx?ALID=308)
    Downloading audio...
    Saved ./Advanced/Lesson_9/index.html
  Fetching: Advanced Listening Lesson #10 (https://www.talkenglish.com/listening/lessonlisten.aspx?ALID=309)
    Downloading audio...
    Saved ./Advanced/Lesson_10/index.html
  Fetching: Advanced Listening Lesson #11 (https://www.talkenglish.com/listening/lessonlisten.aspx?ALID=310)
    Downloading audio...
    Saved ./Advanced/Lesson_11/index.html
  Fetching: Advanced Listening Lesson #12 (https://www.talkenglish.com/listening/lessonlisten.aspx?ALID=311)
    Downloading audio...
    Saved ./Advanced/Lesson_12/index.html
  Fetching: Advanced Listening Lesson #13 (https://www.talkenglish.com/listening/lessonlisten.aspx?ALID=312)
    Downloading audio...
    Saved ./Advanced/Lesson_13/index.html
  Fetching: Advanced Listening Lesson #14 (https://www.talkenglish.com/listening/lessonlisten.aspx?ALID=313)
    Downloading audio...
    Saved ./Advanced/Lesson_14/index.html
  Fetching: Advanced Listening Lesson #15 (https://www.talkenglish.com/listening/lessonlisten.aspx?ALID=314)
    Downloading audio...
    Saved ./Advanced/Lesson_15/index.html
  Fetching: Advanced Listening Lesson #16 (https://www.talkenglish.com/listening/lessonlisten.aspx?ALID=315)
    Downloading audio...
    Saved ./Advanced/Lesson_16/index.html
  Fetching: Advanced Listening Lesson #17 (https://www.talkenglish.com/listening/lessonlisten.aspx?ALID=316)
    Downloading audio...
    Saved ./Advanced/Lesson_17/index.html
  Fetching: Advanced Listening Lesson #18 (https://www.talkenglish.com/listening/lessonlisten.aspx?ALID=317)
    Downloading audio...
    Saved ./Advanced/Lesson_18/index.html
  Fetching: Advanced Listening Lesson #19 (https://www.talkenglish.com/listening/lessonlisten.aspx?ALID=318)
    Downloading audio...
    Saved ./Advanced/Lesson_19/index.html
  Fetching: Advanced Listening Lesson #20 (https://www.talkenglish.com/listening/lessonlisten.aspx?ALID=319)
    Downloading audio...
    Saved ./Advanced/Lesson_20/index.html
  Fetching: Advanced Listening Lesson #21 (https://www.talkenglish.com/listening/lessonlisten.aspx?ALID=320)
    Downloading audio...
    Saved ./Advanced/Lesson_21/index.html
  Fetching: Advanced Listening Lesson #22 (https://www.talkenglish.com/listening/lessonlisten.aspx?ALID=321)
    Downloading audio...
    Saved ./Advanced/Lesson_22/index.html
  Fetching: Advanced Listening Lesson #23 (https://www.talkenglish.com/listening/lessonlisten.aspx?ALID=322)
    Downloading audio...
    Saved ./Advanced/Lesson_23/index.html
  Fetching: Advanced Listening Lesson #24 (https://www.talkenglish.com/listening/lessonlisten.aspx?ALID=323)
    Downloading audio...
    Saved ./Advanced/Lesson_24/index.html
  Fetching: Advanced Listening Lesson #25 (https://www.talkenglish.com/listening/lessonlisten.aspx?ALID=324)
    Downloading audio...
    Saved ./Advanced/Lesson_25/index.html
  Fetching: Advanced Listening Lesson #26 (https://www.talkenglish.com/listening/lessonlisten.aspx?ALID=325)
    Downloading audio...
    Saved ./Advanced/Lesson_26/index.html
  Fetching: Advanced Listening Lesson #27 (https://www.talkenglish.com/listening/lessonlisten.aspx?ALID=326)
    Downloading audio...
    Saved ./Advanced/Lesson_27/index.html
  Fetching: Advanced Listening Lesson #28 (https://www.talkenglish.com/listening/lessonlisten.aspx?ALID=327)
    Downloading audio...
    Saved ./Advanced/Lesson_28/index.html
  Fetching: Advanced Listening Lesson #29 (https://www.talkenglish.com/listening/lessonlisten.aspx?ALID=328)
    Downloading audio...
    Saved ./Advanced/Lesson_29/index.html
  Fetching: Advanced Listening Lesson #30 (https://www.talkenglish.com/listening/lessonlisten.aspx?ALID=329)
    Downloading audio...
    Saved ./Advanced/Lesson_30/index.html
  Fetching: Advanced Listening Lesson #31 (https://www.talkenglish.com/listening/lessonlisten.aspx?ALID=330)
    Downloading audio...
    Saved ./Advanced/Lesson_31/index.html
  Fetching: Advanced Listening Lesson #32 (https://www.talkenglish.com/listening/lessonlisten.aspx?ALID=331)
    Downloading audio...
    Saved ./Advanced/Lesson_32/index.html
  Fetching: Advanced Listening Lesson #33 (https://www.talkenglish.com/listening/lessonlisten.aspx?ALID=332)
    Downloading audio...
    Saved ./Advanced/Lesson_33/index.html
  Fetching: Advanced Listening Lesson #34 (https://www.talkenglish.com/listening/lessonlisten.aspx?ALID=333)
    Downloading audio...
    Saved ./Advanced/Lesson_34/index.html
