Data Validation & Fix Report
============================
Total files scanned: 2374
Total files fixed: 30

Details:
Fixed anomalies in: /Users/vungoclong/Desktop/Antigravity/UPGRADE YOUR ILETS SKILLS/Reading_1232_Basic/frontend/data/A1-A2/lesson_123.json
Fixed anomalies in: /Users/vungoclong/Desktop/Antigravity/UPGRADE YOUR ILETS SKILLS/Reading_1232_Basic/frontend/data/A1-A2/lesson_089.json
Fixed anomalies in: /Users/vungoclong/Desktop/Antigravity/UPGRADE YOUR ILETS SKILLS/Reading_1232_Basic/frontend/data/A1-A2/lesson_135.json
Fixed anomalies in: /Users/vungoclong/Desktop/Antigravity/UPGRADE YOUR ILETS SKILLS/Reading_1232_Basic/frontend/data/A1-A2/lesson_027.json
Fixed anomalies in: /Users/vungoclong/Desktop/Antigravity/UPGRADE YOUR ILETS SKILLS/Reading_1232_Basic/frontend/data/A1-A2/lesson_115.json
Fixed anomalies in: /Users/vungoclong/Desktop/Antigravity/UPGRADE YOUR ILETS SKILLS/Reading_1232_Basic/frontend/data/A1-A2/lesson_092.json
Fixed anomalies in: /Users/vungoclong/Desktop/Antigravity/UPGRADE YOUR ILETS SKILLS/Reading_1232_Basic/frontend/data/A1-A2/lesson_084.json
Fixed anomalies in: /Users/vungoclong/Desktop/Antigravity/UPGRADE YOUR ILETS SKILLS/Reading_1232_Basic/frontend/data/A1-A2/lesson_006.json
Fixed anomalies in: /Users/vungoclong/Desktop/Antigravity/UPGRADE YOUR ILETS SKILLS/Reading_1232_Basic/frontend/data/A1-A2/lesson_122.json
Fixed anomalies in: /Users/vungoclong/Desktop/Antigravity/UPGRADE YOUR ILETS SKILLS/Reading_1232_Basic/frontend/data/A1-A2/lesson_095.json
Fixed anomalies in: /Users/vungoclong/Desktop/Antigravity/UPGRADE YOUR ILETS SKILLS/Reading_1232_Basic/frontend/data/A1-A2/lesson_077.json
Fixed anomalies in: /Users/vungoclong/Desktop/Antigravity/UPGRADE YOUR ILETS SKILLS/Reading_1232_Basic/frontend/data/A1-A2/lesson_132.json
Fixed anomalies in: /Users/vungoclong/Desktop/Antigravity/UPGRADE YOUR ILETS SKILLS/Reading_1232_Basic/frontend/data/A1-A2/lesson_124.json
Fixed anomalies in: /Users/vungoclong/Desktop/Antigravity/UPGRADE YOUR ILETS SKILLS/Reading_1232_Basic/frontend/data/A1-A2/lesson_135.js
Fixed anomalies in: /Users/vungoclong/Desktop/Antigravity/UPGRADE YOUR ILETS SKILLS/Reading_1232_Basic/frontend/data/A1-A2/lesson_112.json
Fixed anomalies in: /Users/vungoclong/Desktop/Antigravity/UPGRADE YOUR ILETS SKILLS/Reading_1232_Basic/frontend/data/A1-A2/lesson_132.js
Fixed anomalies in: /Users/vungoclong/Desktop/Antigravity/UPGRADE YOUR ILETS SKILLS/Reading_1232_Basic/frontend/data/A1-A2/lesson_081.json
Fixed anomalies in: /Users/vungoclong/Desktop/Antigravity/UPGRADE YOUR ILETS SKILLS/Reading_1232_Basic/frontend/data/A1-A2/lesson_039.json
Fixed anomalies in: /Users/vungoclong/Desktop/Antigravity/UPGRADE YOUR ILETS SKILLS/Reading_1232_Basic/frontend/data/A1-A2/lesson_013.js
Fixed anomalies in: /Users/vungoclong/Desktop/Antigravity/UPGRADE YOUR ILETS SKILLS/Reading_1232_Basic/frontend/data/A1-A2/lesson_027.js
Fixed anomalies in: /Users/vungoclong/Desktop/Antigravity/UPGRADE YOUR ILETS SKILLS/Reading_1232_Basic/frontend/data/A1-A2/lesson_062.json
Fixed anomalies in: /Users/vungoclong/Desktop/Antigravity/UPGRADE YOUR ILETS SKILLS/Reading_1232_Basic/frontend/data/A1-A2/lesson_002.js
Fixed anomalies in: /Users/vungoclong/Desktop/Antigravity/UPGRADE YOUR ILETS SKILLS/Reading_1232_Basic/frontend/data/A1-A2/lesson_002.json
Fixed anomalies in: /Users/vungoclong/Desktop/Antigravity/UPGRADE YOUR ILETS SKILLS/Reading_1232_Basic/frontend/data/A1-A2/lesson_006.js
Fixed anomalies in: /Users/vungoclong/Desktop/Antigravity/UPGRADE YOUR ILETS SKILLS/Reading_1232_Basic/frontend/data/A1-A2/lesson_121.json
Fixed anomalies in: /Users/vungoclong/Desktop/Antigravity/UPGRADE YOUR ILETS SKILLS/Reading_1232_Basic/frontend/data/A1-A2/lesson_009.json
Fixed anomalies in: /Users/vungoclong/Desktop/Antigravity/UPGRADE YOUR ILETS SKILLS/Reading_1232_Basic/frontend/data/A1-A2/lesson_009.js
Fixed anomalies in: /Users/vungoclong/Desktop/Antigravity/UPGRADE YOUR ILETS SKILLS/Reading_1232_Basic/frontend/data/A1-A2/lesson_013.json
Fixed anomalies in: /Users/vungoclong/Desktop/Antigravity/UPGRADE YOUR ILETS SKILLS/Reading_1232_Basic/frontend/data/A1-A2/lesson_086.json
Fixed anomalies in: /Users/vungoclong/Desktop/Antigravity/UPGRADE YOUR ILETS SKILLS/Reading_1232_Basic/frontend/data/C1-C2/lesson_269.js